  SandboxApp.cpp
D:\_Mis Cosas\_GAME ENGINE\Cober\Cober\src\Cober\Log.h(18,42): warning C4251: 'Cober::Log::s_CoreLogger': class 'std::shared_ptr<spdlog::logger>' necesita tener una interfaz DLL para que la utilicen los clientes de class 'Cober::Log'
D:\_Mis Cosas\_GAME ENGINE\Cober\Cober\libraries\spdlog\include\spdlog\details\registry.h(34): message : vea la declaración de 'std::shared_ptr<spdlog::logger>'
D:\_Mis Cosas\_GAME ENGINE\Cober\Cober\src\Cober\Log.h(19,42): warning C4251: 'Cober::Log::s_ClientLogger': class 'std::shared_ptr<spdlog::logger>' necesita tener una interfaz DLL para que la utilicen los clientes de class 'Cober::Log'
D:\_Mis Cosas\_GAME ENGINE\Cober\Cober\libraries\spdlog\include\spdlog\details\registry.h(34): message : vea la declaración de 'std::shared_ptr<spdlog::logger>'
  Sandbox.vcxproj -> D:\_Mis Cosas\_GAME ENGINE\Cober\bin\Debug-windows-x86_64\Sandbox\Sandbox.exe

Resumen del rendimiento del proyecto:
        7 ms D:\_Mis Cosas\_GAME ENGINE\Cober\Cober\Cober.vcxproj   4 llamadas
                  2 ms GetTargetPath                              1 llamadas
                  1 ms GetNativeManifest                          1 llamadas
                  4 ms GetProjectInfoForReference                 1 llamadas
                  0 ms GetCopyToOutputDirectoryItems              1 llamadas
    12395 ms D:\_Mis Cosas\_GAME ENGINE\Cober\Sandbox\Sandbox.vcxproj   1 llamadas
              12395 ms Build                                      1 llamadas

Resumen del rendimiento de destino:
        0 ms BuildCompileTraverse                       1 llamadas
        0 ms AfterClCompile                             1 llamadas
        0 ms ComputeCLCompileGeneratedSbrFiles          1 llamadas
        0 ms MakeDirsForBscMake                         1 llamadas
        0 ms _BscMake                                   1 llamadas
        0 ms GetProjectInfoForReference                 1 llamadas
        0 ms AddLibrariesToProjectsInfoForReference     1 llamadas
        0 ms AddDeployRecipeFileToProjectsInfoForReference   1 llamadas
        0 ms _ClCompile                                 1 llamadas
        0 ms AddPublicIncludeDirectoriesToProjectsInfoForReference   1 llamadas
        0 ms FindReferenceAssembliesForReferences       1 llamadas
        0 ms BeforeClCompile                            1 llamadas
        0 ms PreLinkEvent                               1 llamadas
        0 ms BuildGenerateSources                       1 llamadas
        0 ms _BuildGenerateSourcesAction                1 llamadas
        0 ms AfterBuildGenerateSourcesEvent             1 llamadas
        0 ms AfterBuildGenerateSources                  1 llamadas
        0 ms GetPublicIncludeDirectories                1 llamadas
        0 ms _Midl                                      1 llamadas
        0 ms BeforeResourceCompile                      1 llamadas
        0 ms _ResourceCompile                           1 llamadas
        0 ms _Link                                      1 llamadas
        0 ms _ALink                                     1 llamadas
        0 ms PrepareResourceNames                       1 llamadas
        0 ms CreateCustomManifestResourceNames          1 llamadas
        0 ms _Manifest                                  1 llamadas
        0 ms ResolvedXDCMake                            1 llamadas
        0 ms ResolvedLinkLib                            1 llamadas
        0 ms AfterResourceCompile                       1 llamadas
        0 ms ComputeLinkInputsFromProject               1 llamadas
        0 ms ComputeRCGeneratedLinkInputs               1 llamadas
        0 ms ComputeRCOutputs                           1 llamadas
        0 ms BeforeLink                                 1 llamadas
        0 ms MakeDirsForXdcMake                         1 llamadas
        0 ms BuildCompile                               1 llamadas
        0 ms _BuildCompileAction                        1 llamadas
        0 ms AfterBuildCompileEvent                     1 llamadas
        0 ms ComputeManifestGeneratedLinkerInputs       1 llamadas
        0 ms AfterMidl                                  1 llamadas
        0 ms AfterLink                                  1 llamadas
        0 ms CreateSatelliteAssemblies                  1 llamadas
        0 ms ComputeMIDLGeneratedCompileInputs          1 llamadas
        0 ms _CheckForCompileOutputs                    1 llamadas
        0 ms PrepareForRun                              1 llamadas
        0 ms ResolveSDKReferences                       1 llamadas
        0 ms ExpandSDKReferences                        1 llamadas
        0 ms GetTargetPath                              1 llamadas
        0 ms _RemoveNameMetadataFromProjectReferenceItems   1 llamadas
        0 ms AfterResolveReferences                     1 llamadas
        0 ms PrepareProjectReferences                   1 llamadas
        0 ms _BuildLinkAction                           1 llamadas
        0 ms _AddOutputPathToGlobalPropertiesToRemove   1 llamadas
        0 ms _PopulateCommonStateForGetCopyToOutputDirectoryItems   1 llamadas
        0 ms BuildGenerateSourcesTraverse               1 llamadas
        0 ms BuildLink                                  1 llamadas
        0 ms BeforeBuildGenerateSources                 1 llamadas
        0 ms AfterBuild                                 1 llamadas
        0 ms PreBuildEvent                              1 llamadas
        0 ms _SelectedFiles                             1 llamadas
        0 ms SelectCustomBuild                          1 llamadas
        0 ms BeforeResolveReferences                    1 llamadas
        0 ms _Deploy                                    1 llamadas
        0 ms _Appverifier                               1 llamadas
        0 ms _Xsd                                       1 llamadas
        0 ms _CopySourceItemsToOutputDirectory          1 llamadas
        0 ms GetResolvedWinMD                           1 llamadas
        1 ms _XdcMake                                   1 llamadas
        1 ms GetFrameworkPaths                          1 llamadas
        1 ms _PrepareForBuild                           1 llamadas
        1 ms ComputeCLOutputs                           1 llamadas
        1 ms GetTargetPathWithTargetPlatformMoniker     1 llamadas
        1 ms ComputeCLInputPDBName                      1 llamadas
        1 ms BuildLinkTraverse                          1 llamadas
        1 ms PostBuildEvent                             1 llamadas
        1 ms Build                                      1 llamadas
        1 ms GetReferenceAssemblyPaths                  1 llamadas
        1 ms _GetCopyToOutputDirectoryItemsFromThisProject   1 llamadas
        1 ms ComputeCustomBuildOutput                   1 llamadas
        1 ms ResolveReferences                          1 llamadas
        1 ms ResolveAssemblyReferences                  1 llamadas
        1 ms ComputeManifestInputsTargets               1 llamadas
        1 ms ComputeResolveLinkObj                      1 llamadas
        1 ms RegisterOutput                             1 llamadas
        1 ms GetCopyToOutputDirectoryXamlAppDefs        1 llamadas
        1 ms SatelliteDllsProjectOutputGroup            1 llamadas
        1 ms GetNativeManifest                          1 llamadas
        1 ms SelectClCompile                            1 llamadas
        1 ms BuiltProjectOutputGroup                    1 llamadas
        1 ms SetTelemetryEnvironmentVariables           1 llamadas
        1 ms MakeDirsForFxc                             1 llamadas
        1 ms _PrepareForReferenceResolution             1 llamadas
        1 ms _GenerateSatelliteAssemblyInputs           1 llamadas
        1 ms ComputeCLGeneratedLinkInputs               1 llamadas
        1 ms _CheckForInvalidConfigurationAndPlatform   1 llamadas
        1 ms SetCABuildNativeEnvironmentVariables       1 llamadas
        1 ms MakeDirsForMidl                            1 llamadas
        1 ms AddPublicBMIsToProjectsInfoForReference    1 llamadas
        2 ms GetResolvedLinkLibs                        1 llamadas
        2 ms ComputeLinkSwitches                        1 llamadas
        2 ms _GetProjectReferenceTargetFrameworkProperties   1 llamadas
        2 ms ComputeReferenceCLInput                    1 llamadas
        2 ms _CheckWindowsSDKInstalled                  1 llamadas
        2 ms MakeDirsForLink                            1 llamadas
        2 ms SplitResourcesByCulture                    1 llamadas
        2 ms FixupCLCompileOptions                      1 llamadas
        2 ms ComputeReferenceLinkInputs                 1 llamadas
        2 ms ComputeLinkImportLibraryOutputsForClean    1 llamadas
        2 ms IncrementalClean                           1 llamadas
        2 ms SetBuildDefaultEnvironmentVariables        1 llamadas
        2 ms MakeDirsForResourceCompile                 1 llamadas
        2 ms AddExternalIncludDirectoriesToPaths        1 llamadas
        2 ms MakeDirsForCl                              1 llamadas
        2 ms CopyFilesToOutputDirectory                 1 llamadas
        2 ms DoLinkOutputFilesMatch                     1 llamadas
        2 ms CopyFileToFolders                          1 llamadas
        2 ms AssignTargetPaths                          1 llamadas
        2 ms AssignProjectConfiguration                 1 llamadas
        2 ms ComputeCLCompileGeneratedXDCFiles          1 llamadas
        3 ms ContentFilesProjectOutputGroup             1 llamadas
        3 ms _SplitProjectReferencesByFileExistence     1 llamadas
        3 ms CreateRecipeFile                           1 llamadas
        3 ms FinalizeBuildStatus                        1 llamadas
        3 ms _CleanGetCurrentAndPriorFileWrites         1 llamadas
        4 ms CustomBuild                                1 llamadas
        5 ms _GetCopyToOutputDirectoryItemsFromTransitiveProjectReferences   1 llamadas
        5 ms InitializeBuildStatus                      1 llamadas
        9 ms GetCopyToOutputDirectoryItems              1 llamadas
       11 ms PrepareForBuild                            1 llamadas
       20 ms ComputeLegacyManifestEmbedding             1 llamadas
       21 ms ResolveProjectReferences                   1 llamadas
       22 ms GetReferencedVCProjectsInfo                1 llamadas
     2832 ms Link                                       1 llamadas
     9372 ms ClCompile                                  1 llamadas

Resumen del rendimiento de la tarea:
        0 ms FindUnderPath                              5 llamadas
        0 ms ConvertToAbsolutePath                      1 llamadas
        0 ms CreateItem                                 2 llamadas
        0 ms AssignCulture                              1 llamadas
        0 ms AssignTargetPath                           7 llamadas
        0 ms RemoveDuplicates                           2 llamadas
        1 ms AssignProjectConfiguration                 1 llamadas
        1 ms Message                                    3 llamadas
        1 ms CheckVCToolsetVersion                      1 llamadas
        2 ms WriteLinesToFile                           1 llamadas
        2 ms ResolveNonMSBuildProjectOutput             1 llamadas
        2 ms Delete                                     2 llamadas
        2 ms ReadLinesFromFile                          2 llamadas
        3 ms MakeDir                                   10 llamadas
        3 ms GenerateDesktopDeployRecipe                1 llamadas
        3 ms Touch                                      2 llamadas
        4 ms GetOutOfDateItems                          3 llamadas
        4 ms SetEnv                                     9 llamadas
        8 ms CallTarget                                 2 llamadas
       43 ms MSBuild                                    4 llamadas
     2827 ms Link                                       1 llamadas
     9369 ms CL                                         1 llamadas
